<?xml version="1.0" encoding="UTF-8"?>
<!-- Generated by org.testng.reporters.JUnitReportReporter -->
<testsuite hostname="MCS-PC" failures="0" tests="2" name="ERP.Sales" time="5.937" errors="1" timestamp="28 Nov 2019 17:48:20 GMT" skipped="1">
  <testcase classname="ERP.Sales" name="f" time="0.000">
    <skipped/>
  </testcase> <!-- f -->
  <testcase classname="ERP.Sales" name="beforeTest" time="5.937">
    <error message="session not created: This version of ChromeDriver only supports Chrome version 76
Build info: version: &#039;3.141.59&#039;, revision: &#039;e82be7d358&#039;, time: &#039;2018-11-14T08:17:03&#039;
System info: host: &#039;MCS-PC&#039;, ip: &#039;192.168.79.1&#039;, os.name: &#039;Windows 7&#039;, os.arch: &#039;amd64&#039;, os.version: &#039;6.1&#039;, java.version: &#039;10.0.2&#039;
Driver info: driver.version: ChromeDriver
remote stacktrace: Backtrace:
	Ordinal0 [0x00437C53+1473619]
	Ordinal0 [0x003BAD71+961905]
	Ordinal0 [0x003442B3+475827]
	Ordinal0 [0x002DF365+62309]
	Ordinal0 [0x002DBC77+48247]
	Ordinal0 [0x002F9149+168265]
	Ordinal0 [0x002F8D1D+167197]
	Ordinal0 [0x002F742B+160811]
	Ordinal0 [0x002E0AE6+68326]
	Ordinal0 [0x002E1BF0+72688]
	Ordinal0 [0x002E1B89+72585]
	Ordinal0 [0x003D4B37+1067831]
	GetHandleVerifier [0x004D6845+506677]
	GetHandleVerifier [0x004D65E0+506064]
	GetHandleVerifier [0x004DD188+533624]
	GetHandleVerifier [0x004D701A+508682]
	Ordinal0 [0x003CC226+1032742]
	Ordinal0 [0x003CC09F+1032351]
	Ordinal0 [0x003D6A4B+1075787]
	Ordinal0 [0x003D6BB3+1076147]
	Ordinal0 [0x003D5B65+1071973]
	BaseThreadInitThunk [0x769433CA+18]
	RtlInitializeExceptionChain [0x77789ED2+99]
	RtlInitializeExceptionChain [0x77789EA5+54]
" type="org.openqa.selenium.SessionNotCreatedException">
      <![CDATA[org.openqa.selenium.SessionNotCreatedException: session not created: This version of ChromeDriver only supports Chrome version 76
Build info: version: '3.141.59', revision: 'e82be7d358', time: '2018-11-14T08:17:03'
System info: host: 'MCS-PC', ip: '192.168.79.1', os.name: 'Windows 7', os.arch: 'amd64', os.version: '6.1', java.version: '10.0.2'
Driver info: driver.version: ChromeDriver
remote stacktrace: Backtrace:
Ordinal0 [0x00437C53+1473619]
Ordinal0 [0x003BAD71+961905]
Ordinal0 [0x003442B3+475827]
Ordinal0 [0x002DF365+62309]
Ordinal0 [0x002DBC77+48247]
Ordinal0 [0x002F9149+168265]
Ordinal0 [0x002F8D1D+167197]
Ordinal0 [0x002F742B+160811]
Ordinal0 [0x002E0AE6+68326]
Ordinal0 [0x002E1BF0+72688]
Ordinal0 [0x002E1B89+72585]
Ordinal0 [0x003D4B37+1067831]
GetHandleVerifier [0x004D6845+506677]
GetHandleVerifier [0x004D65E0+506064]
GetHandleVerifier [0x004DD188+533624]
GetHandleVerifier [0x004D701A+508682]
Ordinal0 [0x003CC226+1032742]
Ordinal0 [0x003CC09F+1032351]
Ordinal0 [0x003D6A4B+1075787]
Ordinal0 [0x003D6BB3+1076147]
Ordinal0 [0x003D5B65+1071973]
BaseThreadInitThunk [0x769433CA+18]
RtlInitializeExceptionChain [0x77789ED2+99]
RtlInitializeExceptionChain [0x77789EA5+54]

at java.base/jdk.internal.reflect.NativeConstructorAccessorImpl.newInstance0(Native Method)
at java.base/jdk.internal.reflect.NativeConstructorAccessorImpl.newInstance(Unknown Source)
at java.base/jdk.internal.reflect.DelegatingConstructorAccessorImpl.newInstance(Unknown Source)
at java.base/java.lang.reflect.Constructor.newInstance(Unknown Source)
at org.openqa.selenium.remote.W3CHandshakeResponse.lambda$errorHandler$0(W3CHandshakeResponse.java:62)
at org.openqa.selenium.remote.HandshakeResponse.lambda$getResponseFunction$0(HandshakeResponse.java:30)
at org.openqa.selenium.remote.ProtocolHandshake.lambda$createSession$0(ProtocolHandshake.java:126)
at java.base/java.util.stream.ReferencePipeline$3$1.accept(Unknown Source)
at java.base/java.util.Spliterators$ArraySpliterator.tryAdvance(Unknown Source)
at java.base/java.util.stream.ReferencePipeline.forEachWithCancel(Unknown Source)
at java.base/java.util.stream.AbstractPipeline.copyIntoWithCancel(Unknown Source)
at java.base/java.util.stream.AbstractPipeline.copyInto(Unknown Source)
at java.base/java.util.stream.AbstractPipeline.wrapAndCopyInto(Unknown Source)
at java.base/java.util.stream.FindOps$FindOp.evaluateSequential(Unknown Source)
at java.base/java.util.stream.AbstractPipeline.evaluate(Unknown Source)
at java.base/java.util.stream.ReferencePipeline.findFirst(Unknown Source)
at org.openqa.selenium.remote.ProtocolHandshake.createSession(ProtocolHandshake.java:128)
at org.openqa.selenium.remote.ProtocolHandshake.createSession(ProtocolHandshake.java:74)
at org.openqa.selenium.remote.HttpCommandExecutor.execute(HttpCommandExecutor.java:136)
at org.openqa.selenium.remote.service.DriverCommandExecutor.execute(DriverCommandExecutor.java:83)
at org.openqa.selenium.remote.RemoteWebDriver.execute(RemoteWebDriver.java:552)
at org.openqa.selenium.remote.RemoteWebDriver.startSession(RemoteWebDriver.java:213)
at org.openqa.selenium.remote.RemoteWebDriver.<init>(RemoteWebDriver.java:131)
at org.openqa.selenium.chrome.ChromeDriver.<init>(ChromeDriver.java:181)
at org.openqa.selenium.chrome.ChromeDriver.<init>(ChromeDriver.java:168)
at org.openqa.selenium.chrome.ChromeDriver.<init>(ChromeDriver.java:123)
at ERP.Sales.beforeTest(Sales.java:44)
at java.base/jdk.internal.reflect.NativeMethodAccessorImpl.invoke0(Native Method)
at java.base/jdk.internal.reflect.NativeMethodAccessorImpl.invoke(Unknown Source)
at java.base/jdk.internal.reflect.DelegatingMethodAccessorImpl.invoke(Unknown Source)
at java.base/java.lang.reflect.Method.invoke(Unknown Source)
at org.testng.internal.MethodInvocationHelper.invokeMethod(MethodInvocationHelper.java:124)
at org.testng.internal.MethodInvocationHelper.invokeMethodConsideringTimeout(MethodInvocationHelper.java:59)
at org.testng.internal.Invoker.invokeConfigurationMethod(Invoker.java:458)
at org.testng.internal.Invoker.invokeConfigurations(Invoker.java:222)
at org.testng.internal.Invoker.invokeConfigurations(Invoker.java:142)
at org.testng.TestRunner.beforeRun(TestRunner.java:529)
at org.testng.TestRunner.run(TestRunner.java:497)
at org.testng.SuiteRunner.runTest(SuiteRunner.java:455)
at org.testng.SuiteRunner.runSequentially(SuiteRunner.java:450)
at org.testng.SuiteRunner.privateRun(SuiteRunner.java:415)
at org.testng.SuiteRunner.run(SuiteRunner.java:364)
at org.testng.SuiteRunnerWorker.runSuite(SuiteRunnerWorker.java:52)
at org.testng.SuiteRunnerWorker.run(SuiteRunnerWorker.java:84)
at org.testng.TestNG.runSuitesSequentially(TestNG.java:1208)
at org.testng.TestNG.runSuitesLocally(TestNG.java:1137)
at org.testng.TestNG.runSuites(TestNG.java:1049)
at org.testng.TestNG.run(TestNG.java:1017)
at org.testng.remote.AbstractRemoteTestNG.run(AbstractRemoteTestNG.java:114)
at org.testng.remote.RemoteTestNG.initAndRun(RemoteTestNG.java:251)
at org.testng.remote.RemoteTestNG.main(RemoteTestNG.java:77)
]]>
    </error>
  </testcase> <!-- beforeTest -->
</testsuite> <!-- ERP.Sales -->
